The system is: Darwin - 15.6.0 - x86_64
Compiling the C compiler identification source file "CMakeCCompilerId.c" succeeded.
Compiler: /Applications/Xcode.app/Contents/Developer/Toolchains/XcodeDefault.xctoolchain/usr/bin/cc 
Build flags: 
Id flags:  

The output was:
0


Compilation of the C compiler identification source "CMakeCCompilerId.c" produced "a.out"

The C compiler identification is AppleClang, found in "/Users/legal/git_projects/JPEG_4_HLS/cmake-build-debug/CMakeFiles/3.8.2/CompilerIdC/a.out"

Compiling the CXX compiler identification source file "CMakeCXXCompilerId.cpp" succeeded.
Compiler: /Applications/Xcode.app/Contents/Developer/Toolchains/XcodeDefault.xctoolchain/usr/bin/c++ 
Build flags: 
Id flags:  

The output was:
0


Compilation of the CXX compiler identification source "CMakeCXXCompilerId.cpp" produced "a.out"

The CXX compiler identification is AppleClang, found in "/Users/legal/git_projects/JPEG_4_HLS/cmake-build-debug/CMakeFiles/3.8.2/CompilerIdCXX/a.out"

Determining if the C compiler works passed with the following output:
Change Dir: /Users/legal/git_projects/JPEG_4_HLS/cmake-build-debug/CMakeFiles/CMakeTmp

Run Build Command:"/opt/local/bin/gmake" "cmTC_a8acc/fast"
/opt/local/bin/gmake -f CMakeFiles/cmTC_a8acc.dir/build.make CMakeFiles/cmTC_a8acc.dir/build
gmake[1] : on entre dans le répertoire « /Users/legal/git_projects/JPEG_4_HLS/cmake-build-debug/CMakeFiles/CMakeTmp »
Building C object CMakeFiles/cmTC_a8acc.dir/testCCompiler.c.o
/Applications/Xcode.app/Contents/Developer/Toolchains/XcodeDefault.xctoolchain/usr/bin/cc    -o CMakeFiles/cmTC_a8acc.dir/testCCompiler.c.o   -c /Users/legal/git_projects/JPEG_4_HLS/cmake-build-debug/CMakeFiles/CMakeTmp/testCCompiler.c
Linking C executable cmTC_a8acc
/Applications/CLion.app/Contents/bin/cmake/bin/cmake -E cmake_link_script CMakeFiles/cmTC_a8acc.dir/link.txt --verbose=1
/Applications/Xcode.app/Contents/Developer/Toolchains/XcodeDefault.xctoolchain/usr/bin/cc   -Wl,-search_paths_first -Wl,-headerpad_max_install_names   CMakeFiles/cmTC_a8acc.dir/testCCompiler.c.o  -o cmTC_a8acc 
gmake[1] : on quitte le répertoire « /Users/legal/git_projects/JPEG_4_HLS/cmake-build-debug/CMakeFiles/CMakeTmp »


Detecting C compiler ABI info compiled with the following output:
Change Dir: /Users/legal/git_projects/JPEG_4_HLS/cmake-build-debug/CMakeFiles/CMakeTmp

Run Build Command:"/opt/local/bin/gmake" "cmTC_addbf/fast"
/opt/local/bin/gmake -f CMakeFiles/cmTC_addbf.dir/build.make CMakeFiles/cmTC_addbf.dir/build
gmake[1] : on entre dans le répertoire « /Users/legal/git_projects/JPEG_4_HLS/cmake-build-debug/CMakeFiles/CMakeTmp »
Building C object CMakeFiles/cmTC_addbf.dir/CMakeCCompilerABI.c.o
/Applications/Xcode.app/Contents/Developer/Toolchains/XcodeDefault.xctoolchain/usr/bin/cc    -o CMakeFiles/cmTC_addbf.dir/CMakeCCompilerABI.c.o   -c /Applications/CLion.app/Contents/bin/cmake/share/cmake-3.8/Modules/CMakeCCompilerABI.c
Linking C executable cmTC_addbf
/Applications/CLion.app/Contents/bin/cmake/bin/cmake -E cmake_link_script CMakeFiles/cmTC_addbf.dir/link.txt --verbose=1
/Applications/Xcode.app/Contents/Developer/Toolchains/XcodeDefault.xctoolchain/usr/bin/cc   -Wl,-search_paths_first -Wl,-headerpad_max_install_names  -v -Wl,-v CMakeFiles/cmTC_addbf.dir/CMakeCCompilerABI.c.o  -o cmTC_addbf 
Apple LLVM version 8.0.0 (clang-800.0.42.1)
Target: x86_64-apple-darwin15.6.0
Thread model: posix
InstalledDir: /Applications/Xcode.app/Contents/Developer/Toolchains/XcodeDefault.xctoolchain/usr/bin
 "/Applications/Xcode.app/Contents/Developer/Toolchains/XcodeDefault.xctoolchain/usr/bin/ld" -demangle -dynamic -arch x86_64 -macosx_version_min 10.11.0 -o cmTC_addbf -search_paths_first -headerpad_max_install_names -v CMakeFiles/cmTC_addbf.dir/CMakeCCompilerABI.c.o -L/opt/intel/compilers_and_libraries_2017.1.126/mac/ipp/lib -L/opt/intel/compilers_and_libraries_2017.1.126/mac/compiler/lib -L/opt/intel/compilers_and_libraries_2017.1.126/mac/mkl/lib -L/opt/intel/compilers_and_libraries_2017.1.126/mac/tbb/lib -L/opt/intel/compilers_and_libraries_2017.1.126/mac/daal/lib -L/opt/intel/compilers_and_libraries_2017.1.126/mac/daal/../tbb/lib -lSystem /Applications/Xcode.app/Contents/Developer/Toolchains/XcodeDefault.xctoolchain/usr/bin/../lib/clang/8.0.0/lib/darwin/libclang_rt.osx.a
@(#)PROGRAM:ld  PROJECT:ld64-274.2
configured to support archs: armv6 armv7 armv7s arm64 i386 x86_64 x86_64h armv6m armv7k armv7m armv7em (tvOS)
Library search paths:
	/opt/intel/compilers_and_libraries_2017.1.126/mac/ipp/lib
	/opt/intel/compilers_and_libraries_2017.1.126/mac/compiler/lib
	/opt/intel/compilers_and_libraries_2017.1.126/mac/mkl/lib
	/opt/intel/compilers_and_libraries_2017.1.126/mac/tbb/lib
	/opt/intel/compilers_and_libraries_2017.1.126/mac/daal/lib
	/opt/intel/compilers_and_libraries_2017.1.126/mac/tbb/lib
	/usr/lib
	/usr/local/lib
Framework search paths:
	/Library/Frameworks/
	/System/Library/Frameworks/
gmake[1] : on quitte le répertoire « /Users/legal/git_projects/JPEG_4_HLS/cmake-build-debug/CMakeFiles/CMakeTmp »


Parsed C implicit link information from above output:
  link line regex: [^( *|.*[/\])(ld|([^/\]+-)?ld|collect2)[^/\]*( |$)]
  ignore line: [Change Dir: /Users/legal/git_projects/JPEG_4_HLS/cmake-build-debug/CMakeFiles/CMakeTmp]
  ignore line: []
  ignore line: [Run Build Command:"/opt/local/bin/gmake" "cmTC_addbf/fast"]
  ignore line: [/opt/local/bin/gmake -f CMakeFiles/cmTC_addbf.dir/build.make CMakeFiles/cmTC_addbf.dir/build]
  ignore line: [gmake[1] : on entre dans le répertoire « /Users/legal/git_projects/JPEG_4_HLS/cmake-build-debug/CMakeFiles/CMakeTmp »]
  ignore line: [Building C object CMakeFiles/cmTC_addbf.dir/CMakeCCompilerABI.c.o]
  ignore line: [/Applications/Xcode.app/Contents/Developer/Toolchains/XcodeDefault.xctoolchain/usr/bin/cc    -o CMakeFiles/cmTC_addbf.dir/CMakeCCompilerABI.c.o   -c /Applications/CLion.app/Contents/bin/cmake/share/cmake-3.8/Modules/CMakeCCompilerABI.c]
  ignore line: [Linking C executable cmTC_addbf]
  ignore line: [/Applications/CLion.app/Contents/bin/cmake/bin/cmake -E cmake_link_script CMakeFiles/cmTC_addbf.dir/link.txt --verbose=1]
  ignore line: [/Applications/Xcode.app/Contents/Developer/Toolchains/XcodeDefault.xctoolchain/usr/bin/cc   -Wl,-search_paths_first -Wl,-headerpad_max_install_names  -v -Wl,-v CMakeFiles/cmTC_addbf.dir/CMakeCCompilerABI.c.o  -o cmTC_addbf ]
  ignore line: [Apple LLVM version 8.0.0 (clang-800.0.42.1)]
  ignore line: [Target: x86_64-apple-darwin15.6.0]
  ignore line: [Thread model: posix]
  ignore line: [InstalledDir: /Applications/Xcode.app/Contents/Developer/Toolchains/XcodeDefault.xctoolchain/usr/bin]
  link line: [ "/Applications/Xcode.app/Contents/Developer/Toolchains/XcodeDefault.xctoolchain/usr/bin/ld" -demangle -dynamic -arch x86_64 -macosx_version_min 10.11.0 -o cmTC_addbf -search_paths_first -headerpad_max_install_names -v CMakeFiles/cmTC_addbf.dir/CMakeCCompilerABI.c.o -L/opt/intel/compilers_and_libraries_2017.1.126/mac/ipp/lib -L/opt/intel/compilers_and_libraries_2017.1.126/mac/compiler/lib -L/opt/intel/compilers_and_libraries_2017.1.126/mac/mkl/lib -L/opt/intel/compilers_and_libraries_2017.1.126/mac/tbb/lib -L/opt/intel/compilers_and_libraries_2017.1.126/mac/daal/lib -L/opt/intel/compilers_and_libraries_2017.1.126/mac/daal/../tbb/lib -lSystem /Applications/Xcode.app/Contents/Developer/Toolchains/XcodeDefault.xctoolchain/usr/bin/../lib/clang/8.0.0/lib/darwin/libclang_rt.osx.a]
    arg [/Applications/Xcode.app/Contents/Developer/Toolchains/XcodeDefault.xctoolchain/usr/bin/ld] ==> ignore
    arg [-demangle] ==> ignore
    arg [-dynamic] ==> ignore
    arg [-arch] ==> ignore
    arg [x86_64] ==> ignore
    arg [-macosx_version_min] ==> ignore
    arg [10.11.0] ==> ignore
    arg [-o] ==> ignore
    arg [cmTC_addbf] ==> ignore
    arg [-search_paths_first] ==> ignore
    arg [-headerpad_max_install_names] ==> ignore
    arg [-v] ==> ignore
    arg [CMakeFiles/cmTC_addbf.dir/CMakeCCompilerABI.c.o] ==> ignore
    arg [-L/opt/intel/compilers_and_libraries_2017.1.126/mac/ipp/lib] ==> dir [/opt/intel/compilers_and_libraries_2017.1.126/mac/ipp/lib]
    arg [-L/opt/intel/compilers_and_libraries_2017.1.126/mac/compiler/lib] ==> dir [/opt/intel/compilers_and_libraries_2017.1.126/mac/compiler/lib]
    arg [-L/opt/intel/compilers_and_libraries_2017.1.126/mac/mkl/lib] ==> dir [/opt/intel/compilers_and_libraries_2017.1.126/mac/mkl/lib]
    arg [-L/opt/intel/compilers_and_libraries_2017.1.126/mac/tbb/lib] ==> dir [/opt/intel/compilers_and_libraries_2017.1.126/mac/tbb/lib]
    arg [-L/opt/intel/compilers_and_libraries_2017.1.126/mac/daal/lib] ==> dir [/opt/intel/compilers_and_libraries_2017.1.126/mac/daal/lib]
    arg [-L/opt/intel/compilers_and_libraries_2017.1.126/mac/daal/../tbb/lib] ==> dir [/opt/intel/compilers_and_libraries_2017.1.126/mac/daal/../tbb/lib]
    arg [-lSystem] ==> lib [System]
    arg [/Applications/Xcode.app/Contents/Developer/Toolchains/XcodeDefault.xctoolchain/usr/bin/../lib/clang/8.0.0/lib/darwin/libclang_rt.osx.a] ==> lib [/Applications/Xcode.app/Contents/Developer/Toolchains/XcodeDefault.xctoolchain/usr/bin/../lib/clang/8.0.0/lib/darwin/libclang_rt.osx.a]
  Library search paths: [;/opt/intel/compilers_and_libraries_2017.1.126/mac/ipp/lib;/opt/intel/compilers_and_libraries_2017.1.126/mac/compiler/lib;/opt/intel/compilers_and_libraries_2017.1.126/mac/mkl/lib;/opt/intel/compilers_and_libraries_2017.1.126/mac/tbb/lib;/opt/intel/compilers_and_libraries_2017.1.126/mac/daal/lib;/opt/intel/compilers_and_libraries_2017.1.126/mac/tbb/lib;/usr/lib;/usr/local/lib]
  Framework search paths: [;/Library/Frameworks/;/System/Library/Frameworks/]
  remove lib [System]
  remove lib [/Applications/Xcode.app/Contents/Developer/Toolchains/XcodeDefault.xctoolchain/usr/bin/../lib/clang/8.0.0/lib/darwin/libclang_rt.osx.a]
  collapse library dir [/opt/intel/compilers_and_libraries_2017.1.126/mac/ipp/lib] ==> [/opt/intel/compilers_and_libraries_2017.1.126/mac/ipp/lib]
  collapse library dir [/opt/intel/compilers_and_libraries_2017.1.126/mac/compiler/lib] ==> [/opt/intel/compilers_and_libraries_2017.1.126/mac/compiler/lib]
  collapse library dir [/opt/intel/compilers_and_libraries_2017.1.126/mac/mkl/lib] ==> [/opt/intel/compilers_and_libraries_2017.1.126/mac/mkl/lib]
  collapse library dir [/opt/intel/compilers_and_libraries_2017.1.126/mac/tbb/lib] ==> [/opt/intel/compilers_and_libraries_2017.1.126/mac/tbb/lib]
  collapse library dir [/opt/intel/compilers_and_libraries_2017.1.126/mac/daal/lib] ==> [/opt/intel/compilers_and_libraries_2017.1.126/mac/daal/lib]
  collapse library dir [/opt/intel/compilers_and_libraries_2017.1.126/mac/daal/../tbb/lib] ==> [/opt/intel/compilers_and_libraries_2017.1.126/mac/tbb/lib]
  collapse library dir [/opt/intel/compilers_and_libraries_2017.1.126/mac/ipp/lib] ==> [/opt/intel/compilers_and_libraries_2017.1.126/mac/ipp/lib]
  collapse library dir [/opt/intel/compilers_and_libraries_2017.1.126/mac/compiler/lib] ==> [/opt/intel/compilers_and_libraries_2017.1.126/mac/compiler/lib]
  collapse library dir [/opt/intel/compilers_and_libraries_2017.1.126/mac/mkl/lib] ==> [/opt/intel/compilers_and_libraries_2017.1.126/mac/mkl/lib]
  collapse library dir [/opt/intel/compilers_and_libraries_2017.1.126/mac/tbb/lib] ==> [/opt/intel/compilers_and_libraries_2017.1.126/mac/tbb/lib]
  collapse library dir [/opt/intel/compilers_and_libraries_2017.1.126/mac/daal/lib] ==> [/opt/intel/compilers_and_libraries_2017.1.126/mac/daal/lib]
  collapse library dir [/opt/intel/compilers_and_libraries_2017.1.126/mac/tbb/lib] ==> [/opt/intel/compilers_and_libraries_2017.1.126/mac/tbb/lib]
  collapse library dir [/usr/lib] ==> [/usr/lib]
  collapse library dir [/usr/local/lib] ==> [/usr/local/lib]
  collapse framework dir [/Library/Frameworks/] ==> [/Library/Frameworks]
  collapse framework dir [/System/Library/Frameworks/] ==> [/System/Library/Frameworks]
  implicit libs: []
  implicit dirs: [/opt/intel/compilers_and_libraries_2017.1.126/mac/ipp/lib;/opt/intel/compilers_and_libraries_2017.1.126/mac/compiler/lib;/opt/intel/compilers_and_libraries_2017.1.126/mac/mkl/lib;/opt/intel/compilers_and_libraries_2017.1.126/mac/tbb/lib;/opt/intel/compilers_and_libraries_2017.1.126/mac/daal/lib;/usr/lib;/usr/local/lib]
  implicit fwks: [/Library/Frameworks;/System/Library/Frameworks]




Detecting C [-std=c11] compiler features compiled with the following output:
Change Dir: /Users/legal/git_projects/JPEG_4_HLS/cmake-build-debug/CMakeFiles/CMakeTmp

Run Build Command:"/opt/local/bin/gmake" "cmTC_9381c/fast"
/opt/local/bin/gmake -f CMakeFiles/cmTC_9381c.dir/build.make CMakeFiles/cmTC_9381c.dir/build
gmake[1] : on entre dans le répertoire « /Users/legal/git_projects/JPEG_4_HLS/cmake-build-debug/CMakeFiles/CMakeTmp »
Building C object CMakeFiles/cmTC_9381c.dir/feature_tests.c.o
/Applications/Xcode.app/Contents/Developer/Toolchains/XcodeDefault.xctoolchain/usr/bin/cc   -std=c11 -o CMakeFiles/cmTC_9381c.dir/feature_tests.c.o   -c /Users/legal/git_projects/JPEG_4_HLS/cmake-build-debug/CMakeFiles/feature_tests.c
Linking C executable cmTC_9381c
/Applications/CLion.app/Contents/bin/cmake/bin/cmake -E cmake_link_script CMakeFiles/cmTC_9381c.dir/link.txt --verbose=1
/Applications/Xcode.app/Contents/Developer/Toolchains/XcodeDefault.xctoolchain/usr/bin/cc   -Wl,-search_paths_first -Wl,-headerpad_max_install_names   CMakeFiles/cmTC_9381c.dir/feature_tests.c.o  -o cmTC_9381c 
gmake[1] : on quitte le répertoire « /Users/legal/git_projects/JPEG_4_HLS/cmake-build-debug/CMakeFiles/CMakeTmp »


    Feature record: C_FEATURE:1c_function_prototypes
    Feature record: C_FEATURE:1c_restrict
    Feature record: C_FEATURE:1c_static_assert
    Feature record: C_FEATURE:1c_variadic_macros


Detecting C [-std=c99] compiler features compiled with the following output:
Change Dir: /Users/legal/git_projects/JPEG_4_HLS/cmake-build-debug/CMakeFiles/CMakeTmp

Run Build Command:"/opt/local/bin/gmake" "cmTC_81e9f/fast"
/opt/local/bin/gmake -f CMakeFiles/cmTC_81e9f.dir/build.make CMakeFiles/cmTC_81e9f.dir/build
gmake[1] : on entre dans le répertoire « /Users/legal/git_projects/JPEG_4_HLS/cmake-build-debug/CMakeFiles/CMakeTmp »
Building C object CMakeFiles/cmTC_81e9f.dir/feature_tests.c.o
/Applications/Xcode.app/Contents/Developer/Toolchains/XcodeDefault.xctoolchain/usr/bin/cc   -std=c99 -o CMakeFiles/cmTC_81e9f.dir/feature_tests.c.o   -c /Users/legal/git_projects/JPEG_4_HLS/cmake-build-debug/CMakeFiles/feature_tests.c
Linking C executable cmTC_81e9f
/Applications/CLion.app/Contents/bin/cmake/bin/cmake -E cmake_link_script CMakeFiles/cmTC_81e9f.dir/link.txt --verbose=1
/Applications/Xcode.app/Contents/Developer/Toolchains/XcodeDefault.xctoolchain/usr/bin/cc   -Wl,-search_paths_first -Wl,-headerpad_max_install_names   CMakeFiles/cmTC_81e9f.dir/feature_tests.c.o  -o cmTC_81e9f 
gmake[1] : on quitte le répertoire « /Users/legal/git_projects/JPEG_4_HLS/cmake-build-debug/CMakeFiles/CMakeTmp »


    Feature record: C_FEATURE:1c_function_prototypes
    Feature record: C_FEATURE:1c_restrict
    Feature record: C_FEATURE:0c_static_assert
    Feature record: C_FEATURE:1c_variadic_macros


Detecting C [-std=c90] compiler features compiled with the following output:
Change Dir: /Users/legal/git_projects/JPEG_4_HLS/cmake-build-debug/CMakeFiles/CMakeTmp

Run Build Command:"/opt/local/bin/gmake" "cmTC_6a4be/fast"
/opt/local/bin/gmake -f CMakeFiles/cmTC_6a4be.dir/build.make CMakeFiles/cmTC_6a4be.dir/build
gmake[1] : on entre dans le répertoire « /Users/legal/git_projects/JPEG_4_HLS/cmake-build-debug/CMakeFiles/CMakeTmp »
Building C object CMakeFiles/cmTC_6a4be.dir/feature_tests.c.o
/Applications/Xcode.app/Contents/Developer/Toolchains/XcodeDefault.xctoolchain/usr/bin/cc   -std=c90 -o CMakeFiles/cmTC_6a4be.dir/feature_tests.c.o   -c /Users/legal/git_projects/JPEG_4_HLS/cmake-build-debug/CMakeFiles/feature_tests.c
Linking C executable cmTC_6a4be
/Applications/CLion.app/Contents/bin/cmake/bin/cmake -E cmake_link_script CMakeFiles/cmTC_6a4be.dir/link.txt --verbose=1
/Applications/Xcode.app/Contents/Developer/Toolchains/XcodeDefault.xctoolchain/usr/bin/cc   -Wl,-search_paths_first -Wl,-headerpad_max_install_names   CMakeFiles/cmTC_6a4be.dir/feature_tests.c.o  -o cmTC_6a4be 
gmake[1] : on quitte le répertoire « /Users/legal/git_projects/JPEG_4_HLS/cmake-build-debug/CMakeFiles/CMakeTmp »


    Feature record: C_FEATURE:1c_function_prototypes
    Feature record: C_FEATURE:0c_restrict
    Feature record: C_FEATURE:0c_static_assert
    Feature record: C_FEATURE:0c_variadic_macros
Determining if the CXX compiler works passed with the following output:
Change Dir: /Users/legal/git_projects/JPEG_4_HLS/cmake-build-debug/CMakeFiles/CMakeTmp

Run Build Command:"/opt/local/bin/gmake" "cmTC_6200d/fast"
/opt/local/bin/gmake -f CMakeFiles/cmTC_6200d.dir/build.make CMakeFiles/cmTC_6200d.dir/build
gmake[1] : on entre dans le répertoire « /Users/legal/git_projects/JPEG_4_HLS/cmake-build-debug/CMakeFiles/CMakeTmp »
Building CXX object CMakeFiles/cmTC_6200d.dir/testCXXCompiler.cxx.o
/Applications/Xcode.app/Contents/Developer/Toolchains/XcodeDefault.xctoolchain/usr/bin/c++     -o CMakeFiles/cmTC_6200d.dir/testCXXCompiler.cxx.o -c /Users/legal/git_projects/JPEG_4_HLS/cmake-build-debug/CMakeFiles/CMakeTmp/testCXXCompiler.cxx
Linking CXX executable cmTC_6200d
/Applications/CLion.app/Contents/bin/cmake/bin/cmake -E cmake_link_script CMakeFiles/cmTC_6200d.dir/link.txt --verbose=1
/Applications/Xcode.app/Contents/Developer/Toolchains/XcodeDefault.xctoolchain/usr/bin/c++    -Wl,-search_paths_first -Wl,-headerpad_max_install_names   CMakeFiles/cmTC_6200d.dir/testCXXCompiler.cxx.o  -o cmTC_6200d 
gmake[1] : on quitte le répertoire « /Users/legal/git_projects/JPEG_4_HLS/cmake-build-debug/CMakeFiles/CMakeTmp »


Detecting CXX compiler ABI info compiled with the following output:
Change Dir: /Users/legal/git_projects/JPEG_4_HLS/cmake-build-debug/CMakeFiles/CMakeTmp

Run Build Command:"/opt/local/bin/gmake" "cmTC_932be/fast"
/opt/local/bin/gmake -f CMakeFiles/cmTC_932be.dir/build.make CMakeFiles/cmTC_932be.dir/build
gmake[1] : on entre dans le répertoire « /Users/legal/git_projects/JPEG_4_HLS/cmake-build-debug/CMakeFiles/CMakeTmp »
Building CXX object CMakeFiles/cmTC_932be.dir/CMakeCXXCompilerABI.cpp.o
/Applications/Xcode.app/Contents/Developer/Toolchains/XcodeDefault.xctoolchain/usr/bin/c++     -o CMakeFiles/cmTC_932be.dir/CMakeCXXCompilerABI.cpp.o -c /Applications/CLion.app/Contents/bin/cmake/share/cmake-3.8/Modules/CMakeCXXCompilerABI.cpp
Linking CXX executable cmTC_932be
/Applications/CLion.app/Contents/bin/cmake/bin/cmake -E cmake_link_script CMakeFiles/cmTC_932be.dir/link.txt --verbose=1
/Applications/Xcode.app/Contents/Developer/Toolchains/XcodeDefault.xctoolchain/usr/bin/c++    -Wl,-search_paths_first -Wl,-headerpad_max_install_names  -v -Wl,-v CMakeFiles/cmTC_932be.dir/CMakeCXXCompilerABI.cpp.o  -o cmTC_932be 
Apple LLVM version 8.0.0 (clang-800.0.42.1)
Target: x86_64-apple-darwin15.6.0
Thread model: posix
InstalledDir: /Applications/Xcode.app/Contents/Developer/Toolchains/XcodeDefault.xctoolchain/usr/bin
 "/Applications/Xcode.app/Contents/Developer/Toolchains/XcodeDefault.xctoolchain/usr/bin/ld" -demangle -dynamic -arch x86_64 -macosx_version_min 10.11.0 -o cmTC_932be -search_paths_first -headerpad_max_install_names -v CMakeFiles/cmTC_932be.dir/CMakeCXXCompilerABI.cpp.o -L/opt/intel/compilers_and_libraries_2017.1.126/mac/ipp/lib -L/opt/intel/compilers_and_libraries_2017.1.126/mac/compiler/lib -L/opt/intel/compilers_and_libraries_2017.1.126/mac/mkl/lib -L/opt/intel/compilers_and_libraries_2017.1.126/mac/tbb/lib -L/opt/intel/compilers_and_libraries_2017.1.126/mac/daal/lib -L/opt/intel/compilers_and_libraries_2017.1.126/mac/daal/../tbb/lib -lc++ -lSystem /Applications/Xcode.app/Contents/Developer/Toolchains/XcodeDefault.xctoolchain/usr/bin/../lib/clang/8.0.0/lib/darwin/libclang_rt.osx.a
@(#)PROGRAM:ld  PROJECT:ld64-274.2
configured to support archs: armv6 armv7 armv7s arm64 i386 x86_64 x86_64h armv6m armv7k armv7m armv7em (tvOS)
Library search paths:
	/opt/intel/compilers_and_libraries_2017.1.126/mac/ipp/lib
	/opt/intel/compilers_and_libraries_2017.1.126/mac/compiler/lib
	/opt/intel/compilers_and_libraries_2017.1.126/mac/mkl/lib
	/opt/intel/compilers_and_libraries_2017.1.126/mac/tbb/lib
	/opt/intel/compilers_and_libraries_2017.1.126/mac/daal/lib
	/opt/intel/compilers_and_libraries_2017.1.126/mac/tbb/lib
	/usr/lib
	/usr/local/lib
Framework search paths:
	/Library/Frameworks/
	/System/Library/Frameworks/
gmake[1] : on quitte le répertoire « /Users/legal/git_projects/JPEG_4_HLS/cmake-build-debug/CMakeFiles/CMakeTmp »


Parsed CXX implicit link information from above output:
  link line regex: [^( *|.*[/\])(ld|([^/\]+-)?ld|collect2)[^/\]*( |$)]
  ignore line: [Change Dir: /Users/legal/git_projects/JPEG_4_HLS/cmake-build-debug/CMakeFiles/CMakeTmp]
  ignore line: []
  ignore line: [Run Build Command:"/opt/local/bin/gmake" "cmTC_932be/fast"]
  ignore line: [/opt/local/bin/gmake -f CMakeFiles/cmTC_932be.dir/build.make CMakeFiles/cmTC_932be.dir/build]
  ignore line: [gmake[1] : on entre dans le répertoire « /Users/legal/git_projects/JPEG_4_HLS/cmake-build-debug/CMakeFiles/CMakeTmp »]
  ignore line: [Building CXX object CMakeFiles/cmTC_932be.dir/CMakeCXXCompilerABI.cpp.o]
  ignore line: [/Applications/Xcode.app/Contents/Developer/Toolchains/XcodeDefault.xctoolchain/usr/bin/c++     -o CMakeFiles/cmTC_932be.dir/CMakeCXXCompilerABI.cpp.o -c /Applications/CLion.app/Contents/bin/cmake/share/cmake-3.8/Modules/CMakeCXXCompilerABI.cpp]
  ignore line: [Linking CXX executable cmTC_932be]
  ignore line: [/Applications/CLion.app/Contents/bin/cmake/bin/cmake -E cmake_link_script CMakeFiles/cmTC_932be.dir/link.txt --verbose=1]
  ignore line: [/Applications/Xcode.app/Contents/Developer/Toolchains/XcodeDefault.xctoolchain/usr/bin/c++    -Wl,-search_paths_first -Wl,-headerpad_max_install_names  -v -Wl,-v CMakeFiles/cmTC_932be.dir/CMakeCXXCompilerABI.cpp.o  -o cmTC_932be ]
  ignore line: [Apple LLVM version 8.0.0 (clang-800.0.42.1)]
  ignore line: [Target: x86_64-apple-darwin15.6.0]
  ignore line: [Thread model: posix]
  ignore line: [InstalledDir: /Applications/Xcode.app/Contents/Developer/Toolchains/XcodeDefault.xctoolchain/usr/bin]
  link line: [ "/Applications/Xcode.app/Contents/Developer/Toolchains/XcodeDefault.xctoolchain/usr/bin/ld" -demangle -dynamic -arch x86_64 -macosx_version_min 10.11.0 -o cmTC_932be -search_paths_first -headerpad_max_install_names -v CMakeFiles/cmTC_932be.dir/CMakeCXXCompilerABI.cpp.o -L/opt/intel/compilers_and_libraries_2017.1.126/mac/ipp/lib -L/opt/intel/compilers_and_libraries_2017.1.126/mac/compiler/lib -L/opt/intel/compilers_and_libraries_2017.1.126/mac/mkl/lib -L/opt/intel/compilers_and_libraries_2017.1.126/mac/tbb/lib -L/opt/intel/compilers_and_libraries_2017.1.126/mac/daal/lib -L/opt/intel/compilers_and_libraries_2017.1.126/mac/daal/../tbb/lib -lc++ -lSystem /Applications/Xcode.app/Contents/Developer/Toolchains/XcodeDefault.xctoolchain/usr/bin/../lib/clang/8.0.0/lib/darwin/libclang_rt.osx.a]
    arg [/Applications/Xcode.app/Contents/Developer/Toolchains/XcodeDefault.xctoolchain/usr/bin/ld] ==> ignore
    arg [-demangle] ==> ignore
    arg [-dynamic] ==> ignore
    arg [-arch] ==> ignore
    arg [x86_64] ==> ignore
    arg [-macosx_version_min] ==> ignore
    arg [10.11.0] ==> ignore
    arg [-o] ==> ignore
    arg [cmTC_932be] ==> ignore
    arg [-search_paths_first] ==> ignore
    arg [-headerpad_max_install_names] ==> ignore
    arg [-v] ==> ignore
    arg [CMakeFiles/cmTC_932be.dir/CMakeCXXCompilerABI.cpp.o] ==> ignore
    arg [-L/opt/intel/compilers_and_libraries_2017.1.126/mac/ipp/lib] ==> dir [/opt/intel/compilers_and_libraries_2017.1.126/mac/ipp/lib]
    arg [-L/opt/intel/compilers_and_libraries_2017.1.126/mac/compiler/lib] ==> dir [/opt/intel/compilers_and_libraries_2017.1.126/mac/compiler/lib]
    arg [-L/opt/intel/compilers_and_libraries_2017.1.126/mac/mkl/lib] ==> dir [/opt/intel/compilers_and_libraries_2017.1.126/mac/mkl/lib]
    arg [-L/opt/intel/compilers_and_libraries_2017.1.126/mac/tbb/lib] ==> dir [/opt/intel/compilers_and_libraries_2017.1.126/mac/tbb/lib]
    arg [-L/opt/intel/compilers_and_libraries_2017.1.126/mac/daal/lib] ==> dir [/opt/intel/compilers_and_libraries_2017.1.126/mac/daal/lib]
    arg [-L/opt/intel/compilers_and_libraries_2017.1.126/mac/daal/../tbb/lib] ==> dir [/opt/intel/compilers_and_libraries_2017.1.126/mac/daal/../tbb/lib]
    arg [-lc++] ==> lib [c++]
    arg [-lSystem] ==> lib [System]
    arg [/Applications/Xcode.app/Contents/Developer/Toolchains/XcodeDefault.xctoolchain/usr/bin/../lib/clang/8.0.0/lib/darwin/libclang_rt.osx.a] ==> lib [/Applications/Xcode.app/Contents/Developer/Toolchains/XcodeDefault.xctoolchain/usr/bin/../lib/clang/8.0.0/lib/darwin/libclang_rt.osx.a]
  Library search paths: [;/opt/intel/compilers_and_libraries_2017.1.126/mac/ipp/lib;/opt/intel/compilers_and_libraries_2017.1.126/mac/compiler/lib;/opt/intel/compilers_and_libraries_2017.1.126/mac/mkl/lib;/opt/intel/compilers_and_libraries_2017.1.126/mac/tbb/lib;/opt/intel/compilers_and_libraries_2017.1.126/mac/daal/lib;/opt/intel/compilers_and_libraries_2017.1.126/mac/tbb/lib;/usr/lib;/usr/local/lib]
  Framework search paths: [;/Library/Frameworks/;/System/Library/Frameworks/]
  remove lib [System]
  remove lib [/Applications/Xcode.app/Contents/Developer/Toolchains/XcodeDefault.xctoolchain/usr/bin/../lib/clang/8.0.0/lib/darwin/libclang_rt.osx.a]
  collapse library dir [/opt/intel/compilers_and_libraries_2017.1.126/mac/ipp/lib] ==> [/opt/intel/compilers_and_libraries_2017.1.126/mac/ipp/lib]
  collapse library dir [/opt/intel/compilers_and_libraries_2017.1.126/mac/compiler/lib] ==> [/opt/intel/compilers_and_libraries_2017.1.126/mac/compiler/lib]
  collapse library dir [/opt/intel/compilers_and_libraries_2017.1.126/mac/mkl/lib] ==> [/opt/intel/compilers_and_libraries_2017.1.126/mac/mkl/lib]
  collapse library dir [/opt/intel/compilers_and_libraries_2017.1.126/mac/tbb/lib] ==> [/opt/intel/compilers_and_libraries_2017.1.126/mac/tbb/lib]
  collapse library dir [/opt/intel/compilers_and_libraries_2017.1.126/mac/daal/lib] ==> [/opt/intel/compilers_and_libraries_2017.1.126/mac/daal/lib]
  collapse library dir [/opt/intel/compilers_and_libraries_2017.1.126/mac/daal/../tbb/lib] ==> [/opt/intel/compilers_and_libraries_2017.1.126/mac/tbb/lib]
  collapse library dir [/opt/intel/compilers_and_libraries_2017.1.126/mac/ipp/lib] ==> [/opt/intel/compilers_and_libraries_2017.1.126/mac/ipp/lib]
  collapse library dir [/opt/intel/compilers_and_libraries_2017.1.126/mac/compiler/lib] ==> [/opt/intel/compilers_and_libraries_2017.1.126/mac/compiler/lib]
  collapse library dir [/opt/intel/compilers_and_libraries_2017.1.126/mac/mkl/lib] ==> [/opt/intel/compilers_and_libraries_2017.1.126/mac/mkl/lib]
  collapse library dir [/opt/intel/compilers_and_libraries_2017.1.126/mac/tbb/lib] ==> [/opt/intel/compilers_and_libraries_2017.1.126/mac/tbb/lib]
  collapse library dir [/opt/intel/compilers_and_libraries_2017.1.126/mac/daal/lib] ==> [/opt/intel/compilers_and_libraries_2017.1.126/mac/daal/lib]
  collapse library dir [/opt/intel/compilers_and_libraries_2017.1.126/mac/tbb/lib] ==> [/opt/intel/compilers_and_libraries_2017.1.126/mac/tbb/lib]
  collapse library dir [/usr/lib] ==> [/usr/lib]
  collapse library dir [/usr/local/lib] ==> [/usr/local/lib]
  collapse framework dir [/Library/Frameworks/] ==> [/Library/Frameworks]
  collapse framework dir [/System/Library/Frameworks/] ==> [/System/Library/Frameworks]
  implicit libs: [c++]
  implicit dirs: [/opt/intel/compilers_and_libraries_2017.1.126/mac/ipp/lib;/opt/intel/compilers_and_libraries_2017.1.126/mac/compiler/lib;/opt/intel/compilers_and_libraries_2017.1.126/mac/mkl/lib;/opt/intel/compilers_and_libraries_2017.1.126/mac/tbb/lib;/opt/intel/compilers_and_libraries_2017.1.126/mac/daal/lib;/usr/lib;/usr/local/lib]
  implicit fwks: [/Library/Frameworks;/System/Library/Frameworks]




Detecting CXX [-std=c++1z] compiler features compiled with the following output:
Change Dir: /Users/legal/git_projects/JPEG_4_HLS/cmake-build-debug/CMakeFiles/CMakeTmp

Run Build Command:"/opt/local/bin/gmake" "cmTC_314fd/fast"
/opt/local/bin/gmake -f CMakeFiles/cmTC_314fd.dir/build.make CMakeFiles/cmTC_314fd.dir/build
gmake[1] : on entre dans le répertoire « /Users/legal/git_projects/JPEG_4_HLS/cmake-build-debug/CMakeFiles/CMakeTmp »
Building CXX object CMakeFiles/cmTC_314fd.dir/feature_tests.cxx.o
/Applications/Xcode.app/Contents/Developer/Toolchains/XcodeDefault.xctoolchain/usr/bin/c++    -std=c++1z -o CMakeFiles/cmTC_314fd.dir/feature_tests.cxx.o -c /Users/legal/git_projects/JPEG_4_HLS/cmake-build-debug/CMakeFiles/feature_tests.cxx
Linking CXX executable cmTC_314fd
/Applications/CLion.app/Contents/bin/cmake/bin/cmake -E cmake_link_script CMakeFiles/cmTC_314fd.dir/link.txt --verbose=1
/Applications/Xcode.app/Contents/Developer/Toolchains/XcodeDefault.xctoolchain/usr/bin/c++    -Wl,-search_paths_first -Wl,-headerpad_max_install_names   CMakeFiles/cmTC_314fd.dir/feature_tests.cxx.o  -o cmTC_314fd 
gmake[1] : on quitte le répertoire « /Users/legal/git_projects/JPEG_4_HLS/cmake-build-debug/CMakeFiles/CMakeTmp »


    Feature record: CXX_FEATURE:1cxx_aggregate_default_initializers
    Feature record: CXX_FEATURE:1cxx_alias_templates
    Feature record: CXX_FEATURE:1cxx_alignas
    Feature record: CXX_FEATURE:1cxx_alignof
    Feature record: CXX_FEATURE:1cxx_attributes
    Feature record: CXX_FEATURE:1cxx_attribute_deprecated
    Feature record: CXX_FEATURE:1cxx_auto_type
    Feature record: CXX_FEATURE:1cxx_binary_literals
    Feature record: CXX_FEATURE:1cxx_constexpr
    Feature record: CXX_FEATURE:1cxx_contextual_conversions
    Feature record: CXX_FEATURE:1cxx_decltype
    Feature record: CXX_FEATURE:1cxx_decltype_auto
    Feature record: CXX_FEATURE:1cxx_decltype_incomplete_return_types
    Feature record: CXX_FEATURE:1cxx_default_function_template_args
    Feature record: CXX_FEATURE:1cxx_defaulted_functions
    Feature record: CXX_FEATURE:1cxx_defaulted_move_initializers
    Feature record: CXX_FEATURE:1cxx_delegating_constructors
    Feature record: CXX_FEATURE:1cxx_deleted_functions
    Feature record: CXX_FEATURE:1cxx_digit_separators
    Feature record: CXX_FEATURE:1cxx_enum_forward_declarations
    Feature record: CXX_FEATURE:1cxx_explicit_conversions
    Feature record: CXX_FEATURE:1cxx_extended_friend_declarations
    Feature record: CXX_FEATURE:1cxx_extern_templates
    Feature record: CXX_FEATURE:1cxx_final
    Feature record: CXX_FEATURE:1cxx_func_identifier
    Feature record: CXX_FEATURE:1cxx_generalized_initializers
    Feature record: CXX_FEATURE:1cxx_generic_lambdas
    Feature record: CXX_FEATURE:1cxx_inheriting_constructors
    Feature record: CXX_FEATURE:1cxx_inline_namespaces
    Feature record: CXX_FEATURE:1cxx_lambdas
    Feature record: CXX_FEATURE:1cxx_lambda_init_captures
    Feature record: CXX_FEATURE:1cxx_local_type_template_args
    Feature record: CXX_FEATURE:1cxx_long_long_type
    Feature record: CXX_FEATURE:1cxx_noexcept
    Feature record: CXX_FEATURE:1cxx_nonstatic_member_init
    Feature record: CXX_FEATURE:1cxx_nullptr
    Feature record: CXX_FEATURE:1cxx_override
    Feature record: CXX_FEATURE:1cxx_range_for
    Feature record: CXX_FEATURE:1cxx_raw_string_literals
    Feature record: CXX_FEATURE:1cxx_reference_qualified_functions
    Feature record: CXX_FEATURE:1cxx_relaxed_constexpr
    Feature record: CXX_FEATURE:1cxx_return_type_deduction
    Feature record: CXX_FEATURE:1cxx_right_angle_brackets
    Feature record: CXX_FEATURE:1cxx_rvalue_references
    Feature record: CXX_FEATURE:1cxx_sizeof_member
    Feature record: CXX_FEATURE:1cxx_static_assert
    Feature record: CXX_FEATURE:1cxx_strong_enums
    Feature record: CXX_FEATURE:1cxx_template_template_parameters
    Feature record: CXX_FEATURE:1cxx_thread_local
    Feature record: CXX_FEATURE:1cxx_trailing_return_types
    Feature record: CXX_FEATURE:1cxx_unicode_literals
    Feature record: CXX_FEATURE:1cxx_uniform_initialization
    Feature record: CXX_FEATURE:1cxx_unrestricted_unions
    Feature record: CXX_FEATURE:1cxx_user_literals
    Feature record: CXX_FEATURE:1cxx_variable_templates
    Feature record: CXX_FEATURE:1cxx_variadic_macros
    Feature record: CXX_FEATURE:1cxx_variadic_templates


Detecting CXX [-std=c++14] compiler features compiled with the following output:
Change Dir: /Users/legal/git_projects/JPEG_4_HLS/cmake-build-debug/CMakeFiles/CMakeTmp

Run Build Command:"/opt/local/bin/gmake" "cmTC_7d9dc/fast"
/opt/local/bin/gmake -f CMakeFiles/cmTC_7d9dc.dir/build.make CMakeFiles/cmTC_7d9dc.dir/build
gmake[1] : on entre dans le répertoire « /Users/legal/git_projects/JPEG_4_HLS/cmake-build-debug/CMakeFiles/CMakeTmp »
Building CXX object CMakeFiles/cmTC_7d9dc.dir/feature_tests.cxx.o
/Applications/Xcode.app/Contents/Developer/Toolchains/XcodeDefault.xctoolchain/usr/bin/c++    -std=c++14 -o CMakeFiles/cmTC_7d9dc.dir/feature_tests.cxx.o -c /Users/legal/git_projects/JPEG_4_HLS/cmake-build-debug/CMakeFiles/feature_tests.cxx
Linking CXX executable cmTC_7d9dc
/Applications/CLion.app/Contents/bin/cmake/bin/cmake -E cmake_link_script CMakeFiles/cmTC_7d9dc.dir/link.txt --verbose=1
/Applications/Xcode.app/Contents/Developer/Toolchains/XcodeDefault.xctoolchain/usr/bin/c++    -Wl,-search_paths_first -Wl,-headerpad_max_install_names   CMakeFiles/cmTC_7d9dc.dir/feature_tests.cxx.o  -o cmTC_7d9dc 
gmake[1] : on quitte le répertoire « /Users/legal/git_projects/JPEG_4_HLS/cmake-build-debug/CMakeFiles/CMakeTmp »


    Feature record: CXX_FEATURE:1cxx_aggregate_default_initializers
    Feature record: CXX_FEATURE:1cxx_alias_templates
    Feature record: CXX_FEATURE:1cxx_alignas
    Feature record: CXX_FEATURE:1cxx_alignof
    Feature record: CXX_FEATURE:1cxx_attributes
    Feature record: CXX_FEATURE:1cxx_attribute_deprecated
    Feature record: CXX_FEATURE:1cxx_auto_type
    Feature record: CXX_FEATURE:1cxx_binary_literals
    Feature record: CXX_FEATURE:1cxx_constexpr
    Feature record: CXX_FEATURE:1cxx_contextual_conversions
    Feature record: CXX_FEATURE:1cxx_decltype
    Feature record: CXX_FEATURE:1cxx_decltype_auto
    Feature record: CXX_FEATURE:1cxx_decltype_incomplete_return_types
    Feature record: CXX_FEATURE:1cxx_default_function_template_args
    Feature record: CXX_FEATURE:1cxx_defaulted_functions
    Feature record: CXX_FEATURE:1cxx_defaulted_move_initializers
    Feature record: CXX_FEATURE:1cxx_delegating_constructors
    Feature record: CXX_FEATURE:1cxx_deleted_functions
    Feature record: CXX_FEATURE:1cxx_digit_separators
    Feature record: CXX_FEATURE:1cxx_enum_forward_declarations
    Feature record: CXX_FEATURE:1cxx_explicit_conversions
    Feature record: CXX_FEATURE:1cxx_extended_friend_declarations
    Feature record: CXX_FEATURE:1cxx_extern_templates
    Feature record: CXX_FEATURE:1cxx_final
    Feature record: CXX_FEATURE:1cxx_func_identifier
    Feature record: CXX_FEATURE:1cxx_generalized_initializers
    Feature record: CXX_FEATURE:1cxx_generic_lambdas
    Feature record: CXX_FEATURE:1cxx_inheriting_constructors
    Feature record: CXX_FEATURE:1cxx_inline_namespaces
    Feature record: CXX_FEATURE:1cxx_lambdas
    Feature record: CXX_FEATURE:1cxx_lambda_init_captures
    Feature record: CXX_FEATURE:1cxx_local_type_template_args
    Feature record: CXX_FEATURE:1cxx_long_long_type
    Feature record: CXX_FEATURE:1cxx_noexcept
    Feature record: CXX_FEATURE:1cxx_nonstatic_member_init
    Feature record: CXX_FEATURE:1cxx_nullptr
    Feature record: CXX_FEATURE:1cxx_override
    Feature record: CXX_FEATURE:1cxx_range_for
    Feature record: CXX_FEATURE:1cxx_raw_string_literals
    Feature record: CXX_FEATURE:1cxx_reference_qualified_functions
    Feature record: CXX_FEATURE:1cxx_relaxed_constexpr
    Feature record: CXX_FEATURE:1cxx_return_type_deduction
    Feature record: CXX_FEATURE:1cxx_right_angle_brackets
    Feature record: CXX_FEATURE:1cxx_rvalue_references
    Feature record: CXX_FEATURE:1cxx_sizeof_member
    Feature record: CXX_FEATURE:1cxx_static_assert
    Feature record: CXX_FEATURE:1cxx_strong_enums
    Feature record: CXX_FEATURE:1cxx_template_template_parameters
    Feature record: CXX_FEATURE:1cxx_thread_local
    Feature record: CXX_FEATURE:1cxx_trailing_return_types
    Feature record: CXX_FEATURE:1cxx_unicode_literals
    Feature record: CXX_FEATURE:1cxx_uniform_initialization
    Feature record: CXX_FEATURE:1cxx_unrestricted_unions
    Feature record: CXX_FEATURE:1cxx_user_literals
    Feature record: CXX_FEATURE:1cxx_variable_templates
    Feature record: CXX_FEATURE:1cxx_variadic_macros
    Feature record: CXX_FEATURE:1cxx_variadic_templates


Detecting CXX [-std=c++11] compiler features compiled with the following output:
Change Dir: /Users/legal/git_projects/JPEG_4_HLS/cmake-build-debug/CMakeFiles/CMakeTmp

Run Build Command:"/opt/local/bin/gmake" "cmTC_88655/fast"
/opt/local/bin/gmake -f CMakeFiles/cmTC_88655.dir/build.make CMakeFiles/cmTC_88655.dir/build
gmake[1] : on entre dans le répertoire « /Users/legal/git_projects/JPEG_4_HLS/cmake-build-debug/CMakeFiles/CMakeTmp »
Building CXX object CMakeFiles/cmTC_88655.dir/feature_tests.cxx.o
/Applications/Xcode.app/Contents/Developer/Toolchains/XcodeDefault.xctoolchain/usr/bin/c++    -std=c++11 -o CMakeFiles/cmTC_88655.dir/feature_tests.cxx.o -c /Users/legal/git_projects/JPEG_4_HLS/cmake-build-debug/CMakeFiles/feature_tests.cxx
Linking CXX executable cmTC_88655
/Applications/CLion.app/Contents/bin/cmake/bin/cmake -E cmake_link_script CMakeFiles/cmTC_88655.dir/link.txt --verbose=1
/Applications/Xcode.app/Contents/Developer/Toolchains/XcodeDefault.xctoolchain/usr/bin/c++    -Wl,-search_paths_first -Wl,-headerpad_max_install_names   CMakeFiles/cmTC_88655.dir/feature_tests.cxx.o  -o cmTC_88655 
gmake[1] : on quitte le répertoire « /Users/legal/git_projects/JPEG_4_HLS/cmake-build-debug/CMakeFiles/CMakeTmp »


    Feature record: CXX_FEATURE:0cxx_aggregate_default_initializers
    Feature record: CXX_FEATURE:1cxx_alias_templates
    Feature record: CXX_FEATURE:1cxx_alignas
    Feature record: CXX_FEATURE:1cxx_alignof
    Feature record: CXX_FEATURE:1cxx_attributes
    Feature record: CXX_FEATURE:0cxx_attribute_deprecated
    Feature record: CXX_FEATURE:1cxx_auto_type
    Feature record: CXX_FEATURE:0cxx_binary_literals
    Feature record: CXX_FEATURE:1cxx_constexpr
    Feature record: CXX_FEATURE:0cxx_contextual_conversions
    Feature record: CXX_FEATURE:1cxx_decltype
    Feature record: CXX_FEATURE:0cxx_decltype_auto
    Feature record: CXX_FEATURE:1cxx_decltype_incomplete_return_types
    Feature record: CXX_FEATURE:1cxx_default_function_template_args
    Feature record: CXX_FEATURE:1cxx_defaulted_functions
    Feature record: CXX_FEATURE:1cxx_defaulted_move_initializers
    Feature record: CXX_FEATURE:1cxx_delegating_constructors
    Feature record: CXX_FEATURE:1cxx_deleted_functions
    Feature record: CXX_FEATURE:0cxx_digit_separators
    Feature record: CXX_FEATURE:1cxx_enum_forward_declarations
    Feature record: CXX_FEATURE:1cxx_explicit_conversions
    Feature record: CXX_FEATURE:1cxx_extended_friend_declarations
    Feature record: CXX_FEATURE:1cxx_extern_templates
    Feature record: CXX_FEATURE:1cxx_final
    Feature record: CXX_FEATURE:1cxx_func_identifier
    Feature record: CXX_FEATURE:1cxx_generalized_initializers
    Feature record: CXX_FEATURE:0cxx_generic_lambdas
    Feature record: CXX_FEATURE:1cxx_inheriting_constructors
    Feature record: CXX_FEATURE:1cxx_inline_namespaces
    Feature record: CXX_FEATURE:1cxx_lambdas
    Feature record: CXX_FEATURE:0cxx_lambda_init_captures
    Feature record: CXX_FEATURE:1cxx_local_type_template_args
    Feature record: CXX_FEATURE:1cxx_long_long_type
    Feature record: CXX_FEATURE:1cxx_noexcept
    Feature record: CXX_FEATURE:1cxx_nonstatic_member_init
    Feature record: CXX_FEATURE:1cxx_nullptr
    Feature record: CXX_FEATURE:1cxx_override
    Feature record: CXX_FEATURE:1cxx_range_for
    Feature record: CXX_FEATURE:1cxx_raw_string_literals
    Feature record: CXX_FEATURE:1cxx_reference_qualified_functions
    Feature record: CXX_FEATURE:0cxx_relaxed_constexpr
    Feature record: CXX_FEATURE:0cxx_return_type_deduction
    Feature record: CXX_FEATURE:1cxx_right_angle_brackets
    Feature record: CXX_FEATURE:1cxx_rvalue_references
    Feature record: CXX_FEATURE:1cxx_sizeof_member
    Feature record: CXX_FEATURE:1cxx_static_assert
    Feature record: CXX_FEATURE:1cxx_strong_enums
    Feature record: CXX_FEATURE:1cxx_template_template_parameters
    Feature record: CXX_FEATURE:1cxx_thread_local
    Feature record: CXX_FEATURE:1cxx_trailing_return_types
    Feature record: CXX_FEATURE:1cxx_unicode_literals
    Feature record: CXX_FEATURE:1cxx_uniform_initialization
    Feature record: CXX_FEATURE:1cxx_unrestricted_unions
    Feature record: CXX_FEATURE:1cxx_user_literals
    Feature record: CXX_FEATURE:0cxx_variable_templates
    Feature record: CXX_FEATURE:1cxx_variadic_macros
    Feature record: CXX_FEATURE:1cxx_variadic_templates


Detecting CXX [-std=c++98] compiler features compiled with the following output:
Change Dir: /Users/legal/git_projects/JPEG_4_HLS/cmake-build-debug/CMakeFiles/CMakeTmp

Run Build Command:"/opt/local/bin/gmake" "cmTC_81be9/fast"
/opt/local/bin/gmake -f CMakeFiles/cmTC_81be9.dir/build.make CMakeFiles/cmTC_81be9.dir/build
gmake[1] : on entre dans le répertoire « /Users/legal/git_projects/JPEG_4_HLS/cmake-build-debug/CMakeFiles/CMakeTmp »
Building CXX object CMakeFiles/cmTC_81be9.dir/feature_tests.cxx.o
/Applications/Xcode.app/Contents/Developer/Toolchains/XcodeDefault.xctoolchain/usr/bin/c++    -std=c++98 -o CMakeFiles/cmTC_81be9.dir/feature_tests.cxx.o -c /Users/legal/git_projects/JPEG_4_HLS/cmake-build-debug/CMakeFiles/feature_tests.cxx
Linking CXX executable cmTC_81be9
/Applications/CLion.app/Contents/bin/cmake/bin/cmake -E cmake_link_script CMakeFiles/cmTC_81be9.dir/link.txt --verbose=1
/Applications/Xcode.app/Contents/Developer/Toolchains/XcodeDefault.xctoolchain/usr/bin/c++    -Wl,-search_paths_first -Wl,-headerpad_max_install_names   CMakeFiles/cmTC_81be9.dir/feature_tests.cxx.o  -o cmTC_81be9 
gmake[1] : on quitte le répertoire « /Users/legal/git_projects/JPEG_4_HLS/cmake-build-debug/CMakeFiles/CMakeTmp »


    Feature record: CXX_FEATURE:0cxx_aggregate_default_initializers
    Feature record: CXX_FEATURE:0cxx_alias_templates
    Feature record: CXX_FEATURE:0cxx_alignas
    Feature record: CXX_FEATURE:0cxx_alignof
    Feature record: CXX_FEATURE:0cxx_attributes
    Feature record: CXX_FEATURE:0cxx_attribute_deprecated
    Feature record: CXX_FEATURE:0cxx_auto_type
    Feature record: CXX_FEATURE:0cxx_binary_literals
    Feature record: CXX_FEATURE:0cxx_constexpr
    Feature record: CXX_FEATURE:0cxx_contextual_conversions
    Feature record: CXX_FEATURE:0cxx_decltype
    Feature record: CXX_FEATURE:0cxx_decltype_auto
    Feature record: CXX_FEATURE:0cxx_decltype_incomplete_return_types
    Feature record: CXX_FEATURE:0cxx_default_function_template_args
    Feature record: CXX_FEATURE:0cxx_defaulted_functions
    Feature record: CXX_FEATURE:0cxx_defaulted_move_initializers
    Feature record: CXX_FEATURE:0cxx_delegating_constructors
    Feature record: CXX_FEATURE:0cxx_deleted_functions
    Feature record: CXX_FEATURE:0cxx_digit_separators
    Feature record: CXX_FEATURE:0cxx_enum_forward_declarations
    Feature record: CXX_FEATURE:0cxx_explicit_conversions
    Feature record: CXX_FEATURE:0cxx_extended_friend_declarations
    Feature record: CXX_FEATURE:0cxx_extern_templates
    Feature record: CXX_FEATURE:0cxx_final
    Feature record: CXX_FEATURE:0cxx_func_identifier
    Feature record: CXX_FEATURE:0cxx_generalized_initializers
    Feature record: CXX_FEATURE:0cxx_generic_lambdas
    Feature record: CXX_FEATURE:0cxx_inheriting_constructors
    Feature record: CXX_FEATURE:0cxx_inline_namespaces
    Feature record: CXX_FEATURE:0cxx_lambdas
    Feature record: CXX_FEATURE:0cxx_lambda_init_captures
    Feature record: CXX_FEATURE:0cxx_local_type_template_args
    Feature record: CXX_FEATURE:0cxx_long_long_type
    Feature record: CXX_FEATURE:0cxx_noexcept
    Feature record: CXX_FEATURE:0cxx_nonstatic_member_init
    Feature record: CXX_FEATURE:0cxx_nullptr
    Feature record: CXX_FEATURE:0cxx_override
    Feature record: CXX_FEATURE:0cxx_range_for
    Feature record: CXX_FEATURE:0cxx_raw_string_literals
    Feature record: CXX_FEATURE:0cxx_reference_qualified_functions
    Feature record: CXX_FEATURE:0cxx_relaxed_constexpr
    Feature record: CXX_FEATURE:0cxx_return_type_deduction
    Feature record: CXX_FEATURE:0cxx_right_angle_brackets
    Feature record: CXX_FEATURE:0cxx_rvalue_references
    Feature record: CXX_FEATURE:0cxx_sizeof_member
    Feature record: CXX_FEATURE:0cxx_static_assert
    Feature record: CXX_FEATURE:0cxx_strong_enums
    Feature record: CXX_FEATURE:1cxx_template_template_parameters
    Feature record: CXX_FEATURE:0cxx_thread_local
    Feature record: CXX_FEATURE:0cxx_trailing_return_types
    Feature record: CXX_FEATURE:0cxx_unicode_literals
    Feature record: CXX_FEATURE:0cxx_uniform_initialization
    Feature record: CXX_FEATURE:0cxx_unrestricted_unions
    Feature record: CXX_FEATURE:0cxx_user_literals
    Feature record: CXX_FEATURE:0cxx_variable_templates
    Feature record: CXX_FEATURE:0cxx_variadic_macros
    Feature record: CXX_FEATURE:0cxx_variadic_templates
